<?xml version="1.0" encoding="UTF-8"?>
<!-- Generated by org.testng.reporters.JUnitXMLReporter -->
<testsuite hostname="5CG6420X0K" name="RegSet1" tests="12" failures="6" timestamp="30 Sep 2017 08:45:59 GMT" time="0.501" errors="0">
  <testcase name="print" time="0.016" classname="sep_dataprovider.driver_summation"/>
  <testcase name="print" time="0.0" classname="sep_dataprovider.driver_summation"/>
  <testcase name="print" time="0.0" classname="sep_dataprovider.driver_summation"/>
  <testcase name="print" time="0.0" classname="sep_dataprovider.driver_summation"/>
  <testcase name="print" time="0.0" classname="sep_dataprovider.driver_summation"/>
  <testcase name="print" time="0.0" classname="sep_dataprovider.driver_summation"/>
  <testcase name="test_summation" time="0.015" classname="sep_dataprovider.driver_summation">
    <failure type="java.lang.NullPointerException">
      <![CDATA[java.lang.NullPointerException
	at sep_dataprovider.driver_summation.test_summation(Unknown Source)
... Removed 23 stack frames]]>
    </failure>
  </testcase> <!-- test_summation -->
  <testcase name="test_summation" time="0.0" classname="sep_dataprovider.driver_summation">
    <failure type="java.lang.NullPointerException">
      <![CDATA[java.lang.NullPointerException
	at sep_dataprovider.driver_summation.test_summation(Unknown Source)
... Removed 23 stack frames]]>
    </failure>
  </testcase> <!-- test_summation -->
  <testcase name="test_summation" time="0.0" classname="sep_dataprovider.driver_summation">
    <failure type="java.lang.NullPointerException">
      <![CDATA[java.lang.NullPointerException
	at sep_dataprovider.driver_summation.test_summation(Unknown Source)
... Removed 23 stack frames]]>
    </failure>
  </testcase> <!-- test_summation -->
  <testcase name="test_summation" time="0.0" classname="sep_dataprovider.driver_summation">
    <failure type="java.lang.NullPointerException">
      <![CDATA[java.lang.NullPointerException
	at sep_dataprovider.driver_summation.test_summation(Unknown Source)
... Removed 23 stack frames]]>
    </failure>
  </testcase> <!-- test_summation -->
  <testcase name="test_summation" time="0.0" classname="sep_dataprovider.driver_summation">
    <failure type="java.lang.NullPointerException">
      <![CDATA[java.lang.NullPointerException
	at sep_dataprovider.driver_summation.test_summation(Unknown Source)
... Removed 23 stack frames]]>
    </failure>
  </testcase> <!-- test_summation -->
  <testcase name="test_summation" time="0.0" classname="sep_dataprovider.driver_summation">
    <failure type="java.lang.NullPointerException">
      <![CDATA[java.lang.NullPointerException
	at sep_dataprovider.driver_summation.test_summation(Unknown Source)
... Removed 23 stack frames]]>
    </failure>
  </testcase> <!-- test_summation -->
</testsuite> <!-- RegSet1 -->
