<?xml version="1.0" encoding="UTF-8"?>
<testng-results skipped="0" failed="6" total="12" passed="6">
  <reporter-output>
  </reporter-output>
  <suite name="appium" duration-ms="501" started-at="2017-09-30T08:45:59Z" finished-at="2017-09-30T08:45:59Z">
    <groups>
      <group name="regression">
        <method signature="driver_summation.print(java.util.Map)[pri:0, instance:sep_dataprovider.driver_summation@69a3d1d]" name="print" class="sep_dataprovider.driver_summation"/>
      </group> <!-- regression -->
      <group name="smoke">
        <method signature="driver_summation.test_summation(java.util.Map)[pri:0, instance:sep_dataprovider.driver_summation@69a3d1d]" name="test_summation" class="sep_dataprovider.driver_summation"/>
      </group> <!-- smoke -->
    </groups>
    <test name="RegSet1" duration-ms="501" started-at="2017-09-30T08:45:59Z" finished-at="2017-09-30T08:45:59Z">
      <class name="sep_dataprovider.driver_summation">
        <test-method status="PASS" signature="print(java.util.Map)[pri:0, instance:sep_dataprovider.driver_summation@69a3d1d]" name="print" duration-ms="16" started-at="2017-09-30T14:15:59Z" data-provider="dp_sum" finished-at="2017-09-30T14:15:59Z">
          <params>
            <param index="0">
              <value>
                <![CDATA[{Num2=3.0, Exp_Result=5.0, Num1=2.0}]]>
              </value>
            </param>
          </params>
          <reporter-output>
          </reporter-output>
        </test-method> <!-- print -->
        <test-method status="PASS" signature="print(java.util.Map)[pri:0, instance:sep_dataprovider.driver_summation@69a3d1d]" name="print" duration-ms="0" started-at="2017-09-30T14:15:59Z" data-provider="dp_sum" finished-at="2017-09-30T14:15:59Z">
          <params>
            <param index="0">
              <value>
                <![CDATA[{Num2=7.0, Exp_Result=2.0, Num1=6.0}]]>
              </value>
            </param>
          </params>
          <reporter-output>
          </reporter-output>
        </test-method> <!-- print -->
        <test-method status="PASS" signature="print(java.util.Map)[pri:0, instance:sep_dataprovider.driver_summation@69a3d1d]" name="print" duration-ms="0" started-at="2017-09-30T14:15:59Z" data-provider="dp_sum" finished-at="2017-09-30T14:15:59Z">
          <params>
            <param index="0">
              <value>
                <![CDATA[{Num2=5.0, Exp_Result=6.0, Num1=4.0}]]>
              </value>
            </param>
          </params>
          <reporter-output>
          </reporter-output>
        </test-method> <!-- print -->
        <test-method status="PASS" signature="print(java.util.Map)[pri:0, instance:sep_dataprovider.driver_summation@69a3d1d]" name="print" duration-ms="0" started-at="2017-09-30T14:15:59Z" data-provider="dp_sum" finished-at="2017-09-30T14:15:59Z">
          <params>
            <param index="0">
              <value>
                <![CDATA[{Num2=6.0, Exp_Result=7.0, Num1=5.0}]]>
              </value>
            </param>
          </params>
          <reporter-output>
          </reporter-output>
        </test-method> <!-- print -->
        <test-method status="PASS" signature="print(java.util.Map)[pri:0, instance:sep_dataprovider.driver_summation@69a3d1d]" name="print" duration-ms="0" started-at="2017-09-30T14:15:59Z" data-provider="dp_sum" finished-at="2017-09-30T14:15:59Z">
          <params>
            <param index="0">
              <value>
                <![CDATA[{Num2=8.0, Exp_Result=15.0, Num1=7.0}]]>
              </value>
            </param>
          </params>
          <reporter-output>
          </reporter-output>
        </test-method> <!-- print -->
        <test-method status="PASS" signature="print(java.util.Map)[pri:0, instance:sep_dataprovider.driver_summation@69a3d1d]" name="print" duration-ms="0" started-at="2017-09-30T14:15:59Z" data-provider="dp_sum" finished-at="2017-09-30T14:15:59Z">
          <params>
            <param index="0">
              <value>
                <![CDATA[{Num2=4.0, Exp_Result=7.0, Num1=3.0}]]>
              </value>
            </param>
          </params>
          <reporter-output>
          </reporter-output>
        </test-method> <!-- print -->
        <test-method status="FAIL" signature="test_summation(java.util.Map)[pri:0, instance:sep_dataprovider.driver_summation@69a3d1d]" name="test_summation" duration-ms="15" started-at="2017-09-30T14:15:59Z" data-provider="dp_sum" finished-at="2017-09-30T14:15:59Z">
          <params>
            <param index="0">
              <value>
                <![CDATA[{Num2=3.0, Exp_Result=5.0, Num1=2.0}]]>
              </value>
            </param>
          </params>
          <exception class="java.lang.NullPointerException">
            <full-stacktrace>
              <![CDATA[java.lang.NullPointerException
	at sep_dataprovider.driver_summation.test_summation(Unknown Source)
	at sun.reflect.NativeMethodAccessorImpl.invoke0(Native Method)
	at sun.reflect.NativeMethodAccessorImpl.invoke(NativeMethodAccessorImpl.java:62)
	at sun.reflect.DelegatingMethodAccessorImpl.invoke(DelegatingMethodAccessorImpl.java:43)
	at java.lang.reflect.Method.invoke(Method.java:498)
	at org.testng.internal.MethodInvocationHelper.invokeMethod(MethodInvocationHelper.java:80)
	at org.testng.internal.Invoker.invokeMethod(Invoker.java:714)
	at org.testng.internal.Invoker.invokeTestMethod(Invoker.java:901)
	at org.testng.internal.Invoker.invokeTestMethods(Invoker.java:1231)
	at org.testng.internal.TestMethodWorker.invokeTestMethods(TestMethodWorker.java:127)
	at org.testng.internal.TestMethodWorker.run(TestMethodWorker.java:111)
	at org.testng.TestRunner.privateRun(TestRunner.java:767)
	at org.testng.TestRunner.run(TestRunner.java:617)
	at org.testng.SuiteRunner.runTest(SuiteRunner.java:334)
	at org.testng.SuiteRunner.runSequentially(SuiteRunner.java:329)
	at org.testng.SuiteRunner.privateRun(SuiteRunner.java:291)
	at org.testng.SuiteRunner.run(SuiteRunner.java:240)
	at org.testng.SuiteRunnerWorker.runSuite(SuiteRunnerWorker.java:52)
	at org.testng.SuiteRunnerWorker.run(SuiteRunnerWorker.java:86)
	at org.testng.TestNG.runSuitesSequentially(TestNG.java:1198)
	at org.testng.TestNG.runSuitesLocally(TestNG.java:1123)
	at org.testng.TestNG.run(TestNG.java:1031)
	at org.testng.TestNG.privateMain(TestNG.java:1338)
	at org.testng.TestNG.main(TestNG.java:1307)
]]>
            </full-stacktrace>
          </exception> <!-- java.lang.NullPointerException -->
          <reporter-output>
          </reporter-output>
        </test-method> <!-- test_summation -->
        <test-method status="FAIL" signature="test_summation(java.util.Map)[pri:0, instance:sep_dataprovider.driver_summation@69a3d1d]" name="test_summation" duration-ms="0" started-at="2017-09-30T14:15:59Z" data-provider="dp_sum" finished-at="2017-09-30T14:15:59Z">
          <params>
            <param index="0">
              <value>
                <![CDATA[{Num2=4.0, Exp_Result=7.0, Num1=3.0}]]>
              </value>
            </param>
          </params>
          <exception class="java.lang.NullPointerException">
            <full-stacktrace>
              <![CDATA[java.lang.NullPointerException
	at sep_dataprovider.driver_summation.test_summation(Unknown Source)
	at sun.reflect.NativeMethodAccessorImpl.invoke0(Native Method)
	at sun.reflect.NativeMethodAccessorImpl.invoke(NativeMethodAccessorImpl.java:62)
	at sun.reflect.DelegatingMethodAccessorImpl.invoke(DelegatingMethodAccessorImpl.java:43)
	at java.lang.reflect.Method.invoke(Method.java:498)
	at org.testng.internal.MethodInvocationHelper.invokeMethod(MethodInvocationHelper.java:80)
	at org.testng.internal.Invoker.invokeMethod(Invoker.java:714)
	at org.testng.internal.Invoker.invokeTestMethod(Invoker.java:901)
	at org.testng.internal.Invoker.invokeTestMethods(Invoker.java:1231)
	at org.testng.internal.TestMethodWorker.invokeTestMethods(TestMethodWorker.java:127)
	at org.testng.internal.TestMethodWorker.run(TestMethodWorker.java:111)
	at org.testng.TestRunner.privateRun(TestRunner.java:767)
	at org.testng.TestRunner.run(TestRunner.java:617)
	at org.testng.SuiteRunner.runTest(SuiteRunner.java:334)
	at org.testng.SuiteRunner.runSequentially(SuiteRunner.java:329)
	at org.testng.SuiteRunner.privateRun(SuiteRunner.java:291)
	at org.testng.SuiteRunner.run(SuiteRunner.java:240)
	at org.testng.SuiteRunnerWorker.runSuite(SuiteRunnerWorker.java:52)
	at org.testng.SuiteRunnerWorker.run(SuiteRunnerWorker.java:86)
	at org.testng.TestNG.runSuitesSequentially(TestNG.java:1198)
	at org.testng.TestNG.runSuitesLocally(TestNG.java:1123)
	at org.testng.TestNG.run(TestNG.java:1031)
	at org.testng.TestNG.privateMain(TestNG.java:1338)
	at org.testng.TestNG.main(TestNG.java:1307)
]]>
            </full-stacktrace>
          </exception> <!-- java.lang.NullPointerException -->
          <reporter-output>
          </reporter-output>
        </test-method> <!-- test_summation -->
        <test-method status="FAIL" signature="test_summation(java.util.Map)[pri:0, instance:sep_dataprovider.driver_summation@69a3d1d]" name="test_summation" duration-ms="0" started-at="2017-09-30T14:15:59Z" data-provider="dp_sum" finished-at="2017-09-30T14:15:59Z">
          <params>
            <param index="0">
              <value>
                <![CDATA[{Num2=6.0, Exp_Result=7.0, Num1=5.0}]]>
              </value>
            </param>
          </params>
          <exception class="java.lang.NullPointerException">
            <full-stacktrace>
              <![CDATA[java.lang.NullPointerException
	at sep_dataprovider.driver_summation.test_summation(Unknown Source)
	at sun.reflect.NativeMethodAccessorImpl.invoke0(Native Method)
	at sun.reflect.NativeMethodAccessorImpl.invoke(NativeMethodAccessorImpl.java:62)
	at sun.reflect.DelegatingMethodAccessorImpl.invoke(DelegatingMethodAccessorImpl.java:43)
	at java.lang.reflect.Method.invoke(Method.java:498)
	at org.testng.internal.MethodInvocationHelper.invokeMethod(MethodInvocationHelper.java:80)
	at org.testng.internal.Invoker.invokeMethod(Invoker.java:714)
	at org.testng.internal.Invoker.invokeTestMethod(Invoker.java:901)
	at org.testng.internal.Invoker.invokeTestMethods(Invoker.java:1231)
	at org.testng.internal.TestMethodWorker.invokeTestMethods(TestMethodWorker.java:127)
	at org.testng.internal.TestMethodWorker.run(TestMethodWorker.java:111)
	at org.testng.TestRunner.privateRun(TestRunner.java:767)
	at org.testng.TestRunner.run(TestRunner.java:617)
	at org.testng.SuiteRunner.runTest(SuiteRunner.java:334)
	at org.testng.SuiteRunner.runSequentially(SuiteRunner.java:329)
	at org.testng.SuiteRunner.privateRun(SuiteRunner.java:291)
	at org.testng.SuiteRunner.run(SuiteRunner.java:240)
	at org.testng.SuiteRunnerWorker.runSuite(SuiteRunnerWorker.java:52)
	at org.testng.SuiteRunnerWorker.run(SuiteRunnerWorker.java:86)
	at org.testng.TestNG.runSuitesSequentially(TestNG.java:1198)
	at org.testng.TestNG.runSuitesLocally(TestNG.java:1123)
	at org.testng.TestNG.run(TestNG.java:1031)
	at org.testng.TestNG.privateMain(TestNG.java:1338)
	at org.testng.TestNG.main(TestNG.java:1307)
]]>
            </full-stacktrace>
          </exception> <!-- java.lang.NullPointerException -->
          <reporter-output>
          </reporter-output>
        </test-method> <!-- test_summation -->
        <test-method status="FAIL" signature="test_summation(java.util.Map)[pri:0, instance:sep_dataprovider.driver_summation@69a3d1d]" name="test_summation" duration-ms="0" started-at="2017-09-30T14:15:59Z" data-provider="dp_sum" finished-at="2017-09-30T14:15:59Z">
          <params>
            <param index="0">
              <value>
                <![CDATA[{Num2=8.0, Exp_Result=15.0, Num1=7.0}]]>
              </value>
            </param>
          </params>
          <exception class="java.lang.NullPointerException">
            <full-stacktrace>
              <![CDATA[java.lang.NullPointerException
	at sep_dataprovider.driver_summation.test_summation(Unknown Source)
	at sun.reflect.NativeMethodAccessorImpl.invoke0(Native Method)
	at sun.reflect.NativeMethodAccessorImpl.invoke(NativeMethodAccessorImpl.java:62)
	at sun.reflect.DelegatingMethodAccessorImpl.invoke(DelegatingMethodAccessorImpl.java:43)
	at java.lang.reflect.Method.invoke(Method.java:498)
	at org.testng.internal.MethodInvocationHelper.invokeMethod(MethodInvocationHelper.java:80)
	at org.testng.internal.Invoker.invokeMethod(Invoker.java:714)
	at org.testng.internal.Invoker.invokeTestMethod(Invoker.java:901)
	at org.testng.internal.Invoker.invokeTestMethods(Invoker.java:1231)
	at org.testng.internal.TestMethodWorker.invokeTestMethods(TestMethodWorker.java:127)
	at org.testng.internal.TestMethodWorker.run(TestMethodWorker.java:111)
	at org.testng.TestRunner.privateRun(TestRunner.java:767)
	at org.testng.TestRunner.run(TestRunner.java:617)
	at org.testng.SuiteRunner.runTest(SuiteRunner.java:334)
	at org.testng.SuiteRunner.runSequentially(SuiteRunner.java:329)
	at org.testng.SuiteRunner.privateRun(SuiteRunner.java:291)
	at org.testng.SuiteRunner.run(SuiteRunner.java:240)
	at org.testng.SuiteRunnerWorker.runSuite(SuiteRunnerWorker.java:52)
	at org.testng.SuiteRunnerWorker.run(SuiteRunnerWorker.java:86)
	at org.testng.TestNG.runSuitesSequentially(TestNG.java:1198)
	at org.testng.TestNG.runSuitesLocally(TestNG.java:1123)
	at org.testng.TestNG.run(TestNG.java:1031)
	at org.testng.TestNG.privateMain(TestNG.java:1338)
	at org.testng.TestNG.main(TestNG.java:1307)
]]>
            </full-stacktrace>
          </exception> <!-- java.lang.NullPointerException -->
          <reporter-output>
          </reporter-output>
        </test-method> <!-- test_summation -->
        <test-method status="FAIL" signature="test_summation(java.util.Map)[pri:0, instance:sep_dataprovider.driver_summation@69a3d1d]" name="test_summation" duration-ms="0" started-at="2017-09-30T14:15:59Z" data-provider="dp_sum" finished-at="2017-09-30T14:15:59Z">
          <params>
            <param index="0">
              <value>
                <![CDATA[{Num2=5.0, Exp_Result=6.0, Num1=4.0}]]>
              </value>
            </param>
          </params>
          <exception class="java.lang.NullPointerException">
            <full-stacktrace>
              <![CDATA[java.lang.NullPointerException
	at sep_dataprovider.driver_summation.test_summation(Unknown Source)
	at sun.reflect.NativeMethodAccessorImpl.invoke0(Native Method)
	at sun.reflect.NativeMethodAccessorImpl.invoke(NativeMethodAccessorImpl.java:62)
	at sun.reflect.DelegatingMethodAccessorImpl.invoke(DelegatingMethodAccessorImpl.java:43)
	at java.lang.reflect.Method.invoke(Method.java:498)
	at org.testng.internal.MethodInvocationHelper.invokeMethod(MethodInvocationHelper.java:80)
	at org.testng.internal.Invoker.invokeMethod(Invoker.java:714)
	at org.testng.internal.Invoker.invokeTestMethod(Invoker.java:901)
	at org.testng.internal.Invoker.invokeTestMethods(Invoker.java:1231)
	at org.testng.internal.TestMethodWorker.invokeTestMethods(TestMethodWorker.java:127)
	at org.testng.internal.TestMethodWorker.run(TestMethodWorker.java:111)
	at org.testng.TestRunner.privateRun(TestRunner.java:767)
	at org.testng.TestRunner.run(TestRunner.java:617)
	at org.testng.SuiteRunner.runTest(SuiteRunner.java:334)
	at org.testng.SuiteRunner.runSequentially(SuiteRunner.java:329)
	at org.testng.SuiteRunner.privateRun(SuiteRunner.java:291)
	at org.testng.SuiteRunner.run(SuiteRunner.java:240)
	at org.testng.SuiteRunnerWorker.runSuite(SuiteRunnerWorker.java:52)
	at org.testng.SuiteRunnerWorker.run(SuiteRunnerWorker.java:86)
	at org.testng.TestNG.runSuitesSequentially(TestNG.java:1198)
	at org.testng.TestNG.runSuitesLocally(TestNG.java:1123)
	at org.testng.TestNG.run(TestNG.java:1031)
	at org.testng.TestNG.privateMain(TestNG.java:1338)
	at org.testng.TestNG.main(TestNG.java:1307)
]]>
            </full-stacktrace>
          </exception> <!-- java.lang.NullPointerException -->
          <reporter-output>
          </reporter-output>
        </test-method> <!-- test_summation -->
        <test-method status="FAIL" signature="test_summation(java.util.Map)[pri:0, instance:sep_dataprovider.driver_summation@69a3d1d]" name="test_summation" duration-ms="0" started-at="2017-09-30T14:15:59Z" data-provider="dp_sum" finished-at="2017-09-30T14:15:59Z">
          <params>
            <param index="0">
              <value>
                <![CDATA[{Num2=7.0, Exp_Result=2.0, Num1=6.0}]]>
              </value>
            </param>
          </params>
          <exception class="java.lang.NullPointerException">
            <full-stacktrace>
              <![CDATA[java.lang.NullPointerException
	at sep_dataprovider.driver_summation.test_summation(Unknown Source)
	at sun.reflect.NativeMethodAccessorImpl.invoke0(Native Method)
	at sun.reflect.NativeMethodAccessorImpl.invoke(NativeMethodAccessorImpl.java:62)
	at sun.reflect.DelegatingMethodAccessorImpl.invoke(DelegatingMethodAccessorImpl.java:43)
	at java.lang.reflect.Method.invoke(Method.java:498)
	at org.testng.internal.MethodInvocationHelper.invokeMethod(MethodInvocationHelper.java:80)
	at org.testng.internal.Invoker.invokeMethod(Invoker.java:714)
	at org.testng.internal.Invoker.invokeTestMethod(Invoker.java:901)
	at org.testng.internal.Invoker.invokeTestMethods(Invoker.java:1231)
	at org.testng.internal.TestMethodWorker.invokeTestMethods(TestMethodWorker.java:127)
	at org.testng.internal.TestMethodWorker.run(TestMethodWorker.java:111)
	at org.testng.TestRunner.privateRun(TestRunner.java:767)
	at org.testng.TestRunner.run(TestRunner.java:617)
	at org.testng.SuiteRunner.runTest(SuiteRunner.java:334)
	at org.testng.SuiteRunner.runSequentially(SuiteRunner.java:329)
	at org.testng.SuiteRunner.privateRun(SuiteRunner.java:291)
	at org.testng.SuiteRunner.run(SuiteRunner.java:240)
	at org.testng.SuiteRunnerWorker.runSuite(SuiteRunnerWorker.java:52)
	at org.testng.SuiteRunnerWorker.run(SuiteRunnerWorker.java:86)
	at org.testng.TestNG.runSuitesSequentially(TestNG.java:1198)
	at org.testng.TestNG.runSuitesLocally(TestNG.java:1123)
	at org.testng.TestNG.run(TestNG.java:1031)
	at org.testng.TestNG.privateMain(TestNG.java:1338)
	at org.testng.TestNG.main(TestNG.java:1307)
]]>
            </full-stacktrace>
          </exception> <!-- java.lang.NullPointerException -->
          <reporter-output>
          </reporter-output>
        </test-method> <!-- test_summation -->
      </class> <!-- sep_dataprovider.driver_summation -->
    </test> <!-- RegSet1 -->
  </suite> <!-- appium -->
</testng-results>
