<?xml version="1.0" encoding="UTF-8"?>
<!-- Generated by org.testng.reporters.JUnitXMLReporter -->
<testsuite hostname="5CG6420X0K" name="RegSet1" tests="12" failures="6" timestamp="30 Sep 2017 08:40:32 GMT" time="0.694" errors="0">
  <testcase name="print" time="0.027" classname="sep_dataprovider.driver_summation"/>
  <testcase name="print" time="0.003" classname="sep_dataprovider.driver_summation"/>
  <testcase name="print" time="0.002" classname="sep_dataprovider.driver_summation"/>
  <testcase name="print" time="0.004" classname="sep_dataprovider.driver_summation"/>
  <testcase name="print" time="0.003" classname="sep_dataprovider.driver_summation"/>
  <testcase name="print" time="0.009" classname="sep_dataprovider.driver_summation"/>
  <testcase name="test_summation" time="0.012" classname="sep_dataprovider.driver_summation">
    <failure type="java.lang.NullPointerException">
      <![CDATA[java.lang.NullPointerException
	at sep_dataprovider.driver_summation.test_summation(driver_summation.java:27)
... Removed 24 stack frames]]>
    </failure>
  </testcase> <!-- test_summation -->
  <testcase name="test_summation" time="0.003" classname="sep_dataprovider.driver_summation">
    <failure type="java.lang.NullPointerException">
      <![CDATA[java.lang.NullPointerException
	at sep_dataprovider.driver_summation.test_summation(driver_summation.java:27)
... Removed 24 stack frames]]>
    </failure>
  </testcase> <!-- test_summation -->
  <testcase name="test_summation" time="0.005" classname="sep_dataprovider.driver_summation">
    <failure type="java.lang.NullPointerException">
      <![CDATA[java.lang.NullPointerException
	at sep_dataprovider.driver_summation.test_summation(driver_summation.java:27)
... Removed 24 stack frames]]>
    </failure>
  </testcase> <!-- test_summation -->
  <testcase name="test_summation" time="0.003" classname="sep_dataprovider.driver_summation">
    <failure type="java.lang.NullPointerException">
      <![CDATA[java.lang.NullPointerException
	at sep_dataprovider.driver_summation.test_summation(driver_summation.java:27)
... Removed 24 stack frames]]>
    </failure>
  </testcase> <!-- test_summation -->
  <testcase name="test_summation" time="0.004" classname="sep_dataprovider.driver_summation">
    <failure type="java.lang.NullPointerException">
      <![CDATA[java.lang.NullPointerException
	at sep_dataprovider.driver_summation.test_summation(driver_summation.java:27)
... Removed 24 stack frames]]>
    </failure>
  </testcase> <!-- test_summation -->
  <testcase name="test_summation" time="0.002" classname="sep_dataprovider.driver_summation">
    <failure type="java.lang.NullPointerException">
      <![CDATA[java.lang.NullPointerException
	at sep_dataprovider.driver_summation.test_summation(driver_summation.java:27)
... Removed 24 stack frames]]>
    </failure>
  </testcase> <!-- test_summation -->
</testsuite> <!-- RegSet1 -->
